01-07 21:08:43 com_github_MitjaNemec_PlaceFootprints.action_place_footprints 674:Plugin executed on: 'linux'
01-07 21:08:43 com_github_MitjaNemec_PlaceFootprints.action_place_footprints 675:Plugin executed with python version: '3.10.18 (main, Sep  2 2025, 00:55:45) [GCC 11.4.0]'
01-07 21:08:43 com_github_MitjaNemec_PlaceFootprints.action_place_footprints 676:KiCad build version: 9.0.7-9.0.7~ubuntu22.04.1
01-07 21:08:43 com_github_MitjaNemec_PlaceFootprints.action_place_footprints 677:Plugin version: 4.0.1
01-07 21:08:43 com_github_MitjaNemec_PlaceFootprints.action_place_footprints 678:Frame repr: <wx._core.Frame object at 0x7f9618851f30>
01-07 21:08:43 com_github_MitjaNemec_PlaceFootprints.place_footprints 121:getting a list of all footprints on board
01-07 21:08:43 com_github_MitjaNemec_PlaceFootprints.place_footprints 156:Footprint REF** on root level
01-07 21:08:43 com_github_MitjaNemec_PlaceFootprints.place_footprints 156:Footprint C7 on root level
01-07 21:08:43 com_github_MitjaNemec_PlaceFootprints.place_footprints 156:Footprint HCF40106 on root level
01-07 21:08:43 com_github_MitjaNemec_PlaceFootprints.place_footprints 156:Footprint C3 on root level
01-07 21:08:43 com_github_MitjaNemec_PlaceFootprints.place_footprints 156:Footprint D3 on root level
01-07 21:08:43 com_github_MitjaNemec_PlaceFootprints.place_footprints 156:Footprint D4 on root level
01-07 21:08:43 com_github_MitjaNemec_PlaceFootprints.place_footprints 156:Footprint D7 on root level
01-07 21:08:43 com_github_MitjaNemec_PlaceFootprints.place_footprints 156:Footprint +12V1 on root level
01-07 21:08:43 com_github_MitjaNemec_PlaceFootprints.place_footprints 156:Footprint D6 on root level
01-07 21:08:43 com_github_MitjaNemec_PlaceFootprints.place_footprints 156:Footprint R1 on root level
01-07 21:08:43 com_github_MitjaNemec_PlaceFootprints.place_footprints 156:Footprint C4 on root level
01-07 21:08:43 com_github_MitjaNemec_PlaceFootprints.place_footprints 156:Footprint GND1 on root level
01-07 21:08:43 com_github_MitjaNemec_PlaceFootprints.place_footprints 156:Footprint C9 on root level
01-07 21:08:43 com_github_MitjaNemec_PlaceFootprints.place_footprints 156:Footprint C11 on root level
01-07 21:08:43 com_github_MitjaNemec_PlaceFootprints.place_footprints 156:Footprint C5 on root level
01-07 21:08:43 com_github_MitjaNemec_PlaceFootprints.place_footprints 156:Footprint C2 on root level
01-07 21:08:43 com_github_MitjaNemec_PlaceFootprints.place_footprints 156:Footprint R2 on root level
01-07 21:08:43 com_github_MitjaNemec_PlaceFootprints.place_footprints 156:Footprint D1 on root level
01-07 21:08:43 com_github_MitjaNemec_PlaceFootprints.place_footprints 156:Footprint R3 on root level
01-07 21:08:43 com_github_MitjaNemec_PlaceFootprints.place_footprints 156:Footprint C1 on root level
01-07 21:08:43 com_github_MitjaNemec_PlaceFootprints.place_footprints 156:Footprint R4 on root level
01-07 21:08:43 com_github_MitjaNemec_PlaceFootprints.place_footprints 156:Footprint C6 on root level
01-07 21:08:43 com_github_MitjaNemec_PlaceFootprints.place_footprints 156:Footprint R5 on root level
01-07 21:08:43 com_github_MitjaNemec_PlaceFootprints.place_footprints 156:Footprint D2 on root level
01-07 21:08:43 com_github_MitjaNemec_PlaceFootprints.place_footprints 156:Footprint OUT1 on root level
01-07 21:08:43 com_github_MitjaNemec_PlaceFootprints.place_footprints 156:Footprint C8 on root level
01-07 21:08:43 com_github_MitjaNemec_PlaceFootprints.place_footprints 156:Footprint D5 on root level
01-07 21:08:43 com_github_MitjaNemec_PlaceFootprints.place_footprints 156:Footprint C10 on root level
01-07 21:08:43 com_github_MitjaNemec_PlaceFootprints.action_place_footprints 717:Reference footprint='REF**'
